2026-07-17 16:53:11.693 | INFO     | core.data_engine:update_symbol:16 - Download SPY
2026-07-17 16:53:16.271 | INFO     | core.data_engine:update_symbol:27 - SPY: 2514 righe salvate.
2026-07-17 16:53:16.272 | INFO     | core.data_engine:update_symbol:16 - Download QQQ
2026-07-17 16:53:18.872 | INFO     | core.data_engine:update_symbol:27 - QQQ: 2514 righe salvate.
2026-07-17 16:53:18.872 | INFO     | core.data_engine:update_symbol:16 - Download VTI
2026-07-17 16:53:21.585 | INFO     | core.data_engine:update_symbol:27 - VTI: 2514 righe salvate.
2026-07-17 16:53:21.585 | INFO     | core.data_engine:update_symbol:16 - Download VEA
2026-07-17 16:53:24.294 | INFO     | core.data_engine:update_symbol:27 - VEA: 2514 righe salvate.
2026-07-17 16:53:24.294 | INFO     | core.data_engine:update_symbol:16 - Download VWO
2026-07-17 16:53:26.863 | INFO     | core.data_engine:update_symbol:27 - VWO: 2514 righe salvate.
2026-07-17 17:37:28.163 | INFO     | core.data_engine:update_symbol:28 - Download SPY
2026-07-17 17:37:29.263 | ERROR    | core.data_engine:update_symbols:98 - SPY: The truth value of a Series is ambiguous. Use a.empty, a.bool(), a.item(), a.any() or a.all().
2026-07-17 17:37:29.263 | INFO     | core.data_engine:update_symbol:28 - Download QQQ
2026-07-17 17:37:29.843 | ERROR    | core.data_engine:update_symbols:98 - QQQ: The truth value of a Series is ambiguous. Use a.empty, a.bool(), a.item(), a.any() or a.all().
2026-07-17 17:37:29.843 | INFO     | core.data_engine:update_symbol:28 - Download VTI
2026-07-17 17:37:30.389 | ERROR    | core.data_engine:update_symbols:98 - VTI: The truth value of a Series is ambiguous. Use a.empty, a.bool(), a.item(), a.any() or a.all().
2026-07-17 17:37:30.389 | INFO     | core.data_engine:update_symbol:28 - Download VEA
2026-07-17 17:37:30.913 | ERROR    | core.data_engine:update_symbols:98 - VEA: The truth value of a Series is ambiguous. Use a.empty, a.bool(), a.item(), a.any() or a.all().
2026-07-17 17:37:30.913 | INFO     | core.data_engine:update_symbol:28 - Download VWO
2026-07-17 17:37:31.449 | ERROR    | core.data_engine:update_symbols:98 - VWO: The truth value of a Series is ambiguous. Use a.empty, a.bool(), a.item(), a.any() or a.all().
2026-07-17 17:50:27.558 | INFO     | core.data_engine:update_symbol:28 - Download SPY
2026-07-17 17:50:30.804 | INFO     | core.data_engine:update_symbol:84 - SPY: 2514 righe salvate.
2026-07-17 17:50:30.804 | INFO     | core.data_engine:update_symbol:28 - Download QQQ
2026-07-17 17:50:33.206 | INFO     | core.data_engine:update_symbol:84 - QQQ: 2514 righe salvate.
2026-07-17 17:50:33.206 | INFO     | core.data_engine:update_symbol:28 - Download VTI
2026-07-17 17:50:35.570 | INFO     | core.data_engine:update_symbol:84 - VTI: 2514 righe salvate.
2026-07-17 17:50:35.571 | INFO     | core.data_engine:update_symbol:28 - Download VEA
2026-07-17 17:50:37.960 | INFO     | core.data_engine:update_symbol:84 - VEA: 2514 righe salvate.
2026-07-17 17:50:37.961 | INFO     | core.data_engine:update_symbol:28 - Download VWO
2026-07-17 17:50:40.290 | INFO     | core.data_engine:update_symbol:84 - VWO: 2514 righe salvate.
2026-07-17 18:14:57.168 | INFO     | core.data_engine:update_symbol:29 - Download SPY
2026-07-17 18:15:00.889 | INFO     | core.data_engine:update_symbol:95 - SPY: 2514 righe salvate.
2026-07-17 18:15:00.889 | INFO     | core.data_engine:update_symbol:29 - Download QQQ
2026-07-17 18:15:04.165 | INFO     | core.data_engine:update_symbol:95 - QQQ: 2514 righe salvate.
2026-07-17 18:15:04.165 | INFO     | core.data_engine:update_symbol:29 - Download VTI
2026-07-17 18:15:07.528 | INFO     | core.data_engine:update_symbol:95 - VTI: 2514 righe salvate.
2026-07-17 18:15:07.528 | INFO     | core.data_engine:update_symbol:29 - Download VEA
2026-07-17 18:15:10.769 | INFO     | core.data_engine:update_symbol:95 - VEA: 2514 righe salvate.
2026-07-17 18:15:10.769 | INFO     | core.data_engine:update_symbol:29 - Download VWO
2026-07-17 18:15:13.985 | INFO     | core.data_engine:update_symbol:95 - VWO: 2514 righe salvate.
2026-07-17 18:28:46.610 | INFO     | core.data_engine:update_symbol:29 - Download SPY
2026-07-17 18:28:51.430 | INFO     | core.data_engine:update_symbol:95 - SPY: 2514 righe salvate.
2026-07-17 18:28:51.430 | INFO     | core.data_engine:update_symbol:29 - Download QQQ
2026-07-17 18:28:54.531 | INFO     | core.data_engine:update_symbol:95 - QQQ: 2514 righe salvate.
2026-07-17 18:28:54.532 | INFO     | core.data_engine:update_symbol:29 - Download VTI
2026-07-17 18:28:57.687 | INFO     | core.data_engine:update_symbol:95 - VTI: 2514 righe salvate.
2026-07-17 18:28:57.688 | INFO     | core.data_engine:update_symbol:29 - Download VEA
2026-07-17 18:29:00.889 | INFO     | core.data_engine:update_symbol:95 - VEA: 2514 righe salvate.
2026-07-17 18:29:00.889 | INFO     | core.data_engine:update_symbol:29 - Download VWO
2026-07-17 18:29:03.965 | INFO     | core.data_engine:update_symbol:95 - VWO: 2514 righe salvate.
2026-07-17 18:36:16.207 | INFO     | core.data_engine:update_symbol:29 - Download SPY
2026-07-17 18:36:20.038 | INFO     | core.data_engine:update_symbol:95 - SPY: 2514 righe salvate.
2026-07-17 18:36:20.038 | INFO     | core.data_engine:update_symbol:29 - Download QQQ
2026-07-17 18:36:23.380 | INFO     | core.data_engine:update_symbol:95 - QQQ: 2514 righe salvate.
2026-07-17 18:36:23.380 | INFO     | core.data_engine:update_symbol:29 - Download VTI
2026-07-17 18:36:26.751 | INFO     | core.data_engine:update_symbol:95 - VTI: 2514 righe salvate.
2026-07-17 18:36:26.751 | INFO     | core.data_engine:update_symbol:29 - Download VEA
2026-07-17 18:36:30.112 | INFO     | core.data_engine:update_symbol:95 - VEA: 2514 righe salvate.
2026-07-17 18:36:30.112 | INFO     | core.data_engine:update_symbol:29 - Download VWO
2026-07-17 18:36:33.449 | INFO     | core.data_engine:update_symbol:95 - VWO: 2514 righe salvate.
2026-07-21 11:38:01.094 | INFO     | core.data_engine:update_symbol:29 - Download SPY
2026-07-21 11:38:05.976 | INFO     | core.data_engine:update_symbol:95 - SPY: 2512 righe salvate.
2026-07-21 11:38:05.976 | INFO     | core.data_engine:update_symbol:29 - Download QQQ
2026-07-21 11:38:09.914 | INFO     | core.data_engine:update_symbol:95 - QQQ: 2512 righe salvate.
2026-07-21 11:38:09.914 | INFO     | core.data_engine:update_symbol:29 - Download VTI
2026-07-21 11:38:13.740 | INFO     | core.data_engine:update_symbol:95 - VTI: 2512 righe salvate.
2026-07-21 11:38:13.740 | INFO     | core.data_engine:update_symbol:29 - Download SCHD
2026-07-21 11:38:17.799 | INFO     | core.data_engine:update_symbol:95 - SCHD: 2512 righe salvate.
2026-07-21 11:38:17.799 | INFO     | core.data_engine:update_symbol:29 - Download VXUS
2026-07-21 11:38:22.570 | INFO     | core.data_engine:update_symbol:95 - VXUS: 2512 righe salvate.
2026-07-21 11:38:42.501 | INFO     | core.data_engine:update_symbol:29 - Download SPY
2026-07-21 11:38:46.689 | INFO     | core.data_engine:update_symbol:95 - SPY: 2512 righe salvate.
2026-07-21 11:38:46.690 | INFO     | core.data_engine:update_symbol:29 - Download QQQ
2026-07-21 11:38:50.763 | INFO     | core.data_engine:update_symbol:95 - QQQ: 2512 righe salvate.
2026-07-21 11:38:50.763 | INFO     | core.data_engine:update_symbol:29 - Download VTI
2026-07-21 11:38:54.914 | INFO     | core.data_engine:update_symbol:95 - VTI: 2512 righe salvate.
2026-07-21 11:38:54.915 | INFO     | core.data_engine:update_symbol:29 - Download SCHD
2026-07-21 11:38:59.544 | INFO     | core.data_engine:update_symbol:95 - SCHD: 2512 righe salvate.
2026-07-21 11:38:59.544 | INFO     | core.data_engine:update_symbol:29 - Download VXUS
2026-07-21 11:39:03.654 | INFO     | core.data_engine:update_symbol:95 - VXUS: 2512 righe salvate.
2026-07-21 11:40:17.425 | INFO     | core.data_engine:update_symbol:29 - Download SPY
2026-07-21 11:40:21.409 | INFO     | core.data_engine:update_symbol:95 - SPY: 2512 righe salvate.
2026-07-21 11:40:21.409 | INFO     | core.data_engine:update_symbol:29 - Download QQQ
2026-07-21 11:40:25.309 | INFO     | core.data_engine:update_symbol:95 - QQQ: 2512 righe salvate.
2026-07-21 11:40:25.309 | INFO     | core.data_engine:update_symbol:29 - Download VTI
2026-07-21 11:40:29.185 | INFO     | core.data_engine:update_symbol:95 - VTI: 2512 righe salvate.
2026-07-21 11:40:29.185 | INFO     | core.data_engine:update_symbol:29 - Download SCHD
2026-07-21 11:40:33.042 | INFO     | core.data_engine:update_symbol:95 - SCHD: 2512 righe salvate.
2026-07-21 11:40:33.042 | INFO     | core.data_engine:update_symbol:29 - Download VXUS
2026-07-21 11:40:36.865 | INFO     | core.data_engine:update_symbol:95 - VXUS: 2512 righe salvate.
2026-07-21 11:40:53.325 | INFO     | core.data_engine:update_symbol:29 - Download SPY
2026-07-21 11:40:57.452 | INFO     | core.data_engine:update_symbol:95 - SPY: 2512 righe salvate.
2026-07-21 11:40:57.452 | INFO     | core.data_engine:update_symbol:29 - Download QQQ
2026-07-21 11:41:01.471 | INFO     | core.data_engine:update_symbol:95 - QQQ: 2512 righe salvate.
2026-07-21 11:41:01.471 | INFO     | core.data_engine:update_symbol:29 - Download VTI
2026-07-21 11:41:05.281 | INFO     | core.data_engine:update_symbol:95 - VTI: 2512 righe salvate.
2026-07-21 11:41:05.282 | INFO     | core.data_engine:update_symbol:29 - Download SCHD
2026-07-21 11:41:09.148 | INFO     | core.data_engine:update_symbol:95 - SCHD: 2512 righe salvate.
2026-07-21 11:41:09.149 | INFO     | core.data_engine:update_symbol:29 - Download VXUS
2026-07-21 11:41:12.952 | INFO     | core.data_engine:update_symbol:95 - VXUS: 2512 righe salvate.
2026-07-21 11:42:11.788 | INFO     | core.data_engine:update_symbol:29 - Download SPY
2026-07-21 11:42:16.143 | INFO     | core.data_engine:update_symbol:95 - SPY: 2512 righe salvate.
2026-07-21 11:42:16.143 | INFO     | core.data_engine:update_symbol:29 - Download QQQ
2026-07-21 11:42:20.326 | INFO     | core.data_engine:update_symbol:95 - QQQ: 2512 righe salvate.
2026-07-21 11:42:20.326 | INFO     | core.data_engine:update_symbol:29 - Download VTI
2026-07-21 11:42:24.065 | INFO     | core.data_engine:update_symbol:95 - VTI: 2512 righe salvate.
2026-07-21 11:42:24.065 | INFO     | core.data_engine:update_symbol:29 - Download SCHD
2026-07-21 11:42:27.955 | INFO     | core.data_engine:update_symbol:95 - SCHD: 2512 righe salvate.
2026-07-21 11:42:27.955 | INFO     | core.data_engine:update_symbol:29 - Download VXUS
2026-07-21 11:42:31.960 | INFO     | core.data_engine:update_symbol:95 - VXUS: 2512 righe salvate.
